{"level":"info","message":"Option = -b","timestamp":"2016-06-22T03:52:21.841Z"}
{"level":"info","message":"Option = --noai","timestamp":"2016-06-22T03:52:21.841Z"}
{"level":"info","message":"Created temp folder successfully","timestamp":"2016-06-22T03:52:22.044Z"}
{"level":"info","message":"Executing (default): SELECT `id`, `home`, `type` FROM `Store` AS `Store` WHERE `Store`.`home` = 'http://bluewind.vn' LIMIT 1;","timestamp":"2016-06-22T03:52:22.060Z"}
{"level":"info","message":"Executing (default): SELECT `id`, `code`, `title`, `thumbnail`, `desc`, `price`, `discount`, `percentage`, `link`, `brand`, `finger`, `StoreId`, `CategoryId` FROM `Product` AS `Product` WHERE `Product`.`title` LIKE '%BW6305%' LIMIT 1;","timestamp":"2016-06-22T03:52:37.359Z"}
{"level":"info","message":"Executing (default): INSERT INTO `Invoice` (`id`,`fbid`,`creation_date`,`status`) VALUES (DEFAULT,'USER_ID',1466567557339,'created');","timestamp":"2016-06-22T03:52:37.359Z"}
{"level":"info","message":"Data = {\"attachment\":{\"type\":\"template\",\"payload\":{\"template_type\":\"generic\",\"elements\":[{\"title\":\"Giày thể thao nam BW6305\",\"subtitle\":\"450,000 VNĐ\",\"image_url\":\"http://bluewind.vn/wp-content/uploads/2016/05/6305.png\",\"buttons\":[{\"type\":\"postback\",\"title\":\"Xem màu & size\",\"payload\":\"{\\\"id\\\":49,\\\"title\\\":\\\"Giày thể thao nam BW6305\\\",\\\"action\\\":\\\"view\\\"}\"},{\"type\":\"postback\",\"title\":\"Cho vào giỏ hàng\",\"payload\":\"{\\\"id\\\":49,\\\"title\\\":\\\"Giày thể thao nam BW6305\\\",\\\"action\\\":\\\"order\\\"}\"},{\"type\":\"web_url\",\"url\":\"http://bluewind.vn/sanpham/giay-the-thao-nam-bw6305/\",\"title\":\"Xem trên Web\"}]}]}}}","timestamp":"2016-06-22T03:52:37.369Z"}
{"level":"info","message":"Option = -b","timestamp":"2016-06-22T04:02:12.292Z"}
{"level":"info","message":"Option = --noai","timestamp":"2016-06-22T04:02:12.292Z"}
{"level":"info","message":"Created temp folder successfully","timestamp":"2016-06-22T04:02:12.502Z"}
{"level":"info","message":"Executing (default): SELECT `id`, `home`, `type` FROM `Store` AS `Store` WHERE `Store`.`home` = 'http://bluewind.vn' LIMIT 1;","timestamp":"2016-06-22T04:02:12.520Z"}
{"level":"info","message":"Option = -b","timestamp":"2016-06-22T04:02:52.359Z"}
{"level":"info","message":"Option = --noai","timestamp":"2016-06-22T04:02:52.359Z"}
{"level":"info","message":"Created temp folder successfully","timestamp":"2016-06-22T04:02:52.834Z"}
{"level":"info","message":"Executing (default): SELECT `id`, `home`, `type` FROM `Store` AS `Store` WHERE `Store`.`home` = 'http://bluewind.vn' LIMIT 1;","timestamp":"2016-06-22T04:02:52.851Z"}
{"level":"info","message":"Executing (default): SELECT `id`, `code`, `title`, `thumbnail`, `desc`, `price`, `discount`, `percentage`, `link`, `brand`, `finger`, `StoreId`, `CategoryId` FROM `Product` AS `Product` WHERE `Product`.`title` LIKE '%BW6305%' LIMIT 1;","timestamp":"2016-06-22T04:09:10.143Z"}
{"level":"info","message":"Executing (default): INSERT INTO `Invoice` (`id`,`fbid`,`creation_date`,`status`) VALUES (DEFAULT,'USER_ID',1466568550133,'created');","timestamp":"2016-06-22T04:09:10.143Z"}
{"level":"info","message":"Option = -b","timestamp":"2016-06-22T04:17:51.028Z"}
{"level":"info","message":"Option = --noai","timestamp":"2016-06-22T04:17:51.044Z"}
{"level":"info","message":"Created temp folder successfully","timestamp":"2016-06-22T04:17:51.254Z"}
{"level":"info","message":"Executing (default): SELECT `id`, `home`, `type` FROM `Store` AS `Store` WHERE `Store`.`home` = 'http://bluewind.vn' LIMIT 1;","timestamp":"2016-06-22T04:17:51.269Z"}
{"level":"info","message":"Executing (default): SELECT `id`, `code`, `title`, `thumbnail`, `desc`, `price`, `discount`, `percentage`, `link`, `brand`, `finger`, `StoreId`, `CategoryId` FROM `Product` AS `Product` WHERE `Product`.`title` LIKE '%BW6305%' LIMIT 1;","timestamp":"2016-06-22T04:17:53.444Z"}
{"level":"info","message":"Executing (default): INSERT INTO `Invoice` (`id`,`fbid`,`creation_date`,`status`) VALUES (DEFAULT,'USER_ID',1466569073432,'created');","timestamp":"2016-06-22T04:17:53.452Z"}
{"level":"info","message":"Data = {\"attachment\":{\"type\":\"template\",\"payload\":{\"template_type\":\"generic\",\"elements\":[{\"title\":\"Giày thể thao nam BW6305\",\"subtitle\":\"450,000 VNĐ\",\"image_url\":\"http://bluewind.vn/wp-content/uploads/2016/05/6305.png\",\"buttons\":[{\"type\":\"postback\",\"title\":\"Xem màu & size\",\"payload\":\"{\\\"id\\\":49,\\\"title\\\":\\\"Giày thể thao nam BW6305\\\",\\\"action\\\":\\\"view\\\"}\"},{\"type\":\"postback\",\"title\":\"Cho vào giỏ hàng\",\"payload\":\"{\\\"id\\\":49,\\\"title\\\":\\\"Giày thể thao nam BW6305\\\",\\\"action\\\":\\\"order\\\"}\"},{\"type\":\"web_url\",\"url\":\"http://bluewind.vn/sanpham/giay-the-thao-nam-bw6305/\",\"title\":\"Xem trên Web\"}]}]}}}","timestamp":"2016-06-22T04:17:53.457Z"}
{"level":"info","message":"Executing (default): SELECT `id`, `code`, `title`, `thumbnail`, `desc`, `price`, `discount`, `percentage`, `link`, `brand`, `finger`, `StoreId`, `CategoryId` FROM `Product` AS `Product` WHERE `Product`.`title` LIKE '%BW6305%' LIMIT 1;","timestamp":"2016-06-22T04:18:05.331Z"}
{"level":"info","message":"Data = {\"attachment\":{\"type\":\"template\",\"payload\":{\"template_type\":\"generic\",\"elements\":[{\"title\":\"Giày thể thao nam BW6305\",\"subtitle\":\"450,000 VNĐ\",\"image_url\":\"http://bluewind.vn/wp-content/uploads/2016/05/6305.png\",\"buttons\":[{\"type\":\"postback\",\"title\":\"Xem màu & size\",\"payload\":\"{\\\"id\\\":49,\\\"title\\\":\\\"Giày thể thao nam BW6305\\\",\\\"action\\\":\\\"view\\\"}\"},{\"type\":\"postback\",\"title\":\"Cho vào giỏ hàng\",\"payload\":\"{\\\"id\\\":49,\\\"title\\\":\\\"Giày thể thao nam BW6305\\\",\\\"action\\\":\\\"order\\\"}\"},{\"type\":\"web_url\",\"url\":\"http://bluewind.vn/sanpham/giay-the-thao-nam-bw6305/\",\"title\":\"Xem trên Web\"}]}]}}}","timestamp":"2016-06-22T04:18:18.109Z"}
